<?xml version="1.0" encoding="UTF-8"?>
<!-- Generated by org.testng.reporters.JUnitXMLReporter -->
<testsuite hostname="salils" name="TestCoreCase" tests="8" failures="0" timestamp="13 Jun 2018 06:51:16 GMT" time="65.006" errors="0">
  <testcase name="dataForStudent" time="15.011" classname="Execution.Login"/>
  <testcase name="dataForStudent" time="6.746" classname="Execution.Login"/>
  <testcase name="dataForStudent" time="6.996" classname="Execution.Login"/>
  <testcase name="dataForStudent" time="9.445" classname="Execution.Login"/>
  <testcase name="dataForTeacher" time="5.143" classname="Execution.Login"/>
  <testcase name="dataForTeacher" time="4.717" classname="Execution.Login"/>
  <testcase name="dataForTeacher" time="4.623" classname="Execution.Login"/>
  <testcase name="dataForTeacher" time="8.647" classname="Execution.Login"/>
</testsuite> <!-- TestCoreCase -->
